<?xml version="1.0" encoding="UTF-8"?>
<!-- Generated by org.testng.reporters.JUnitXMLReporter -->
<testsuite ignored="0" hostname="DESKTOP-1U92PBD" failures="0" tests="3" name="Default test" time="0.068" errors="0" timestamp="2023-01-06T13:45:46 CST">
  <testcase classname="Sprint2Git.StringFormat" name="run1" time="0.013"/>
  <testcase classname="Sprint2Git.StringFormat" name="run2" time="0.001"/>
  <testcase classname="Sprint2Git.StringFormat" name="run3" time="0.002"/>
</testsuite> <!-- Default test -->
