<?xml version="1.0" encoding="UTF-8"?>
<testng-results ignored="0" total="3" passed="3" failed="0" skipped="0">
  <reporter-output>
  </reporter-output>
  <suite started-at="2023-01-06T13:45:45 CST" name="Default suite" finished-at="2023-01-06T13:45:45 CST" duration-ms="68">
    <groups>
    </groups>
    <test started-at="2023-01-06T13:45:45 CST" name="Default test" finished-at="2023-01-06T13:45:45 CST" duration-ms="68">
      <class name="Sprint2Git.StringFormat">
        <test-method signature="run1()[pri:0, instance:Sprint2Git.StringFormat@6069db50]" started-at="2023-01-06T13:45:45 CST" name="run1" finished-at="2023-01-06T13:45:45 CST" duration-ms="13" status="PASS">
          <reporter-output>
          </reporter-output>
        </test-method> <!-- run1 -->
        <test-method signature="run2()[pri:0, instance:Sprint2Git.StringFormat@6069db50]" started-at="2023-01-06T13:45:45 CST" name="run2" finished-at="2023-01-06T13:45:45 CST" duration-ms="1" status="PASS">
          <reporter-output>
          </reporter-output>
        </test-method> <!-- run2 -->
        <test-method signature="run3()[pri:0, instance:Sprint2Git.StringFormat@6069db50]" started-at="2023-01-06T13:45:45 CST" name="run3" finished-at="2023-01-06T13:45:45 CST" duration-ms="2" status="PASS">
          <reporter-output>
          </reporter-output>
        </test-method> <!-- run3 -->
      </class> <!-- Sprint2Git.StringFormat -->
    </test> <!-- Default test -->
  </suite> <!-- Default suite -->
</testng-results>
