<?xml version="1.0" encoding="UTF-8"?>
<testng-results ignored="0" total="1" passed="1" failed="0" skipped="0">
  <reporter-output>
  </reporter-output>
  <suite started-at="2023-01-22T15:42:03 CST" name="Default suite" finished-at="2023-01-22T15:42:03 CST" duration-ms="55">
    <groups>
    </groups>
    <test started-at="2023-01-22T15:42:03 CST" name="Default test" finished-at="2023-01-22T15:42:03 CST" duration-ms="55">
      <class name="Sprint2Git.StringPattern">
        <test-method signature="run()[pri:0, instance:Sprint2Git.StringPattern@49139829]" started-at="2023-01-22T15:42:03 CST" name="run" finished-at="2023-01-22T15:42:03 CST" duration-ms="10" status="PASS">
          <reporter-output>
          </reporter-output>
        </test-method> <!-- run -->
      </class> <!-- Sprint2Git.StringPattern -->
    </test> <!-- Default test -->
  </suite> <!-- Default suite -->
</testng-results>
